<?xml version="1.0" encoding="UTF-8"?>
<testsuite xmlns:xsi="http://www.w3.org/2001/XMLSchema-instance" xsi:noNamespaceSchemaLocation="https://maven.apache.org/surefire/maven-surefire-plugin/xsd/surefire-test-report.xsd" name="com.aws.sdk.sqs.producer.sqsproducermaster.SqsProducerMasterApplicationTests" time="14.581" tests="1" errors="1" skipped="0" failures="0">
  <properties>
[...]
</properties>
  <testcase name="contextLoads" classname="com.aws.sdk.sqs.producer.sqsproducermaster.SqsProducerMasterApplicationTests" time="0.007">
    <error message="Failed to load ApplicationContext" type="java.lang.IllegalStateException">java.lang.IllegalStateException: Failed to load ApplicationContext
Caused by: java.lang.IllegalStateException: Failed to execute CommandLineRunner
Caused by: com.amazonaws.SdkClientException: Unable to find a region via the region provider chain. Must provide an explicit region in the builder or setup environment to supply a region.
</error>
    <system-out><![CDATA[
  .   ____          _            __ _ _
 /\\ / ___'_ __ _ _(_)_ __  __ _ \ \ \ \
( ( )\___ | '_ | '_| | '_ \/ _` | \ \ \ \
 \\/  ___)| |_)| | | | | || (_| |  ) ) ) )
  '  |____| .__|_| |_|_| |_\__, | / / / /
 =========|_|==============|___/=/_/_/_/
 :: Spring Boot ::        (v2.0.4.RELEASE)

2018-09-11 20:02:10.211  INFO 5584 --- [           main] .s.p.s.SqsProducerMasterApplicationTests : Starting SqsProducerMasterApplicationTests on martin-AB350M-Gaming-3 with PID 5584 (started by martin in /home/martin/JavaApps/sqstest/sqs-producer-master)
2018-09-11 20:02:10.214  INFO 5584 --- [           main] .s.p.s.SqsProducerMasterApplicationTests : No active profile set, falling back to default profiles: default
2018-09-11 20:02:10.234  INFO 5584 --- [           main] s.c.a.AnnotationConfigApplicationContext : Refreshing org.springframework.context.annotation.AnnotationConfigApplicationContext@2805d709: startup date [Tue Sep 11 20:02:10 ART 2018]; root of context hierarchy
2018-09-11 20:02:10.614  INFO 5584 --- [           main] .s.p.s.SqsProducerMasterApplicationTests : Started SqsProducerMasterApplicationTests in 0.578 seconds (JVM running for 1.078)

  .   ____          _            __ _ _
 /\\ / ___'_ __ _ _(_)_ __  __ _ \ \ \ \
( ( )\___ | '_ | '_| | '_ \/ _` | \ \ \ \
 \\/  ___)| |_)| | | | | || (_| |  ) ) ) )
  '  |____| .__|_| |_|_| |_\__, | / / / /
 =========|_|==============|___/=/_/_/_/
 :: Spring Boot ::        (v2.0.4.RELEASE)

2018-09-11 20:02:17.608  INFO 5584 --- [           main] .s.p.s.SqsProducerMasterApplicationTests : Starting SqsProducerMasterApplicationTests on martin-AB350M-Gaming-3 with PID 5584 (started by martin in /home/martin/JavaApps/sqstest/sqs-producer-master)
2018-09-11 20:02:17.609  INFO 5584 --- [           main] .s.p.s.SqsProducerMasterApplicationTests : No active profile set, falling back to default profiles: default
2018-09-11 20:02:17.611  INFO 5584 --- [           main] s.c.a.AnnotationConfigApplicationContext : Refreshing org.springframework.context.annotation.AnnotationConfigApplicationContext@7a9c84a5: startup date [Tue Sep 11 20:02:17 ART 2018]; root of context hierarchy
2018-09-11 20:02:17.713  INFO 5584 --- [           main] .s.p.s.SqsProducerMasterApplicationTests : Started SqsProducerMasterApplicationTests in 0.122 seconds (JVM running for 8.178)
]]></system-out>
    <system-err><![CDATA[Sep 11, 2018 8:02:09 PM org.springframework.boot.test.context.SpringBootTestContextBootstrapper buildDefaultMergedContextConfiguration
INFO: Neither @ContextConfiguration nor @ContextHierarchy found for test class [com.aws.sdk.sqs.producer.sqsproducermaster.SqsProducerMasterApplicationTests], using SpringBootContextLoader
Sep 11, 2018 8:02:09 PM org.springframework.test.context.support.AbstractContextLoader generateDefaultLocations
INFO: Could not detect default resource locations for test class [com.aws.sdk.sqs.producer.sqsproducermaster.SqsProducerMasterApplicationTests]: no resource found for suffixes {-context.xml, Context.groovy}.
Sep 11, 2018 8:02:09 PM org.springframework.test.context.support.AnnotationConfigContextLoaderUtils detectDefaultConfigurationClasses
INFO: Could not detect default configuration classes for test class [com.aws.sdk.sqs.producer.sqsproducermaster.SqsProducerMasterApplicationTests]: SqsProducerMasterApplicationTests does not declare any static, non-private, non-final, nested classes annotated with @Configuration.
Sep 11, 2018 8:02:09 PM org.springframework.boot.test.context.SpringBootTestContextBootstrapper getOrFindConfigurationClasses
INFO: Found @SpringBootConfiguration com.aws.sdk.sqs.producer.sqsproducermaster.SqsProducerMasterApplication for test class com.aws.sdk.sqs.producer.sqsproducermaster.SqsProducerMasterApplicationTests
Sep 11, 2018 8:02:10 PM org.springframework.boot.test.context.SpringBootTestContextBootstrapper getDefaultTestExecutionListenerClassNames
INFO: Loaded default TestExecutionListener class names from location [META-INF/spring.factories]: [org.springframework.boot.test.mock.mockito.MockitoTestExecutionListener, org.springframework.boot.test.mock.mockito.ResetMocksTestExecutionListener, org.springframework.boot.test.autoconfigure.restdocs.RestDocsTestExecutionListener, org.springframework.boot.test.autoconfigure.web.client.MockRestServiceServerResetTestExecutionListener, org.springframework.boot.test.autoconfigure.web.servlet.MockMvcPrintOnlyOnFailureTestExecutionListener, org.springframework.boot.test.autoconfigure.web.servlet.WebDriverTestExecutionListener, org.springframework.test.context.web.ServletTestExecutionListener, org.springframework.test.context.support.DirtiesContextBeforeModesTestExecutionListener, org.springframework.test.context.support.DependencyInjectionTestExecutionListener, org.springframework.test.context.support.DirtiesContextTestExecutionListener, org.springframework.test.context.transaction.TransactionalTestExecutionListener, org.springframework.test.context.jdbc.SqlScriptsTestExecutionListener]
Sep 11, 2018 8:02:10 PM org.springframework.boot.test.context.SpringBootTestContextBootstrapper getTestExecutionListeners
INFO: Using TestExecutionListeners: [org.springframework.test.context.support.DirtiesContextBeforeModesTestExecutionListener@3911c2a7, org.springframework.boot.test.mock.mockito.MockitoTestExecutionListener@4ac3c60d, org.springframework.boot.test.autoconfigure.SpringBootDependencyInjectionTestExecutionListener@4facf68f, org.springframework.test.context.support.DirtiesContextTestExecutionListener@76508ed1, org.springframework.boot.test.mock.mockito.ResetMocksTestExecutionListener@41e36e46, org.springframework.boot.test.autoconfigure.restdocs.RestDocsTestExecutionListener@15c43bd9, org.springframework.boot.test.autoconfigure.web.client.MockRestServiceServerResetTestExecutionListener@3d74bf60, org.springframework.boot.test.autoconfigure.web.servlet.MockMvcPrintOnlyOnFailureTestExecutionListener@4f209819, org.springframework.boot.test.autoconfigure.web.servlet.WebDriverTestExecutionListener@15eb5ee5]
]]></system-err>
  </testcase>
</testsuite>